2025-03-05 14:26:12,083 DEBUG    root            Loaded Command Group: ['gcloud', 'components']
2025-03-05 14:26:12,086 DEBUG    root            Loaded Command Group: ['gcloud', 'components', 'update']
2025-03-05 14:26:12,088 DEBUG    root            Running [gcloud.components.update] with arguments: [--compile-python: "True", --quiet: "True", COMPONENT-IDS:6: "['core', 'gcloud-deps', 'bq', 'gcloud', 'gcloud-crc32c', 'gsutil']"]
2025-03-05 14:26:12,089 INFO     ___FILE_ONLY___ Beginning update. This process may take several minutes.

2025-03-05 14:26:12,128 DEBUG    urllib3.connectionpool Starting new HTTPS connection (1): dl.google.com:443
2025-03-05 14:26:12,162 DEBUG    urllib3.connectionpool https://dl.google.com:443 "GET /dl/cloudsdk/channels/rapid/components-2.json HTTP/11" 200 226132
2025-03-05 14:26:12,173 INFO     ___FILE_ONLY___ 

2025-03-05 14:26:12,173 INFO     ___FILE_ONLY___ 
Your current Google Cloud CLI version is: 513.0.0

2025-03-05 14:26:12,173 INFO     ___FILE_ONLY___ Installing components from version: 513.0.0

2025-03-05 14:26:12,173 INFO     ___FILE_ONLY___ 

2025-03-05 14:26:12,174 DEBUG    root            Chosen display Format:table[box,title="These components will be removed."](details.display_name:label=Name:align=left,version.version_string:label=Version:align=right,data.size.size(zero="",min=1048576):label=Size:align=right)
2025-03-05 14:26:12,174 DEBUG    root            Chosen display Format:table[box,title="These components will be updated."](details.display_name:label=Name:align=left,version.version_string:label=Version:align=right,data.size.size(zero="",min=1048576):label=Size:align=right)
2025-03-05 14:26:12,175 DEBUG    root            Chosen display Format:table[box,title="These components will be installed."](details.display_name:label=Name:align=left,version.version_string:label=Version:align=right,data.size.size(zero="",min=1048576):label=Size:align=right)
2025-03-05 14:26:12,209 INFO     ___FILE_ONLY___ ┌─────────────────────────────────────────────────────────────────────────────┐
2025-03-05 14:26:12,209 INFO     ___FILE_ONLY___ 

2025-03-05 14:26:12,209 INFO     ___FILE_ONLY___ │                     These components will be installed.                     │
2025-03-05 14:26:12,209 INFO     ___FILE_ONLY___ 

2025-03-05 14:26:12,209 INFO     ___FILE_ONLY___ ├─────────────────────────────────────────────────────┬────────────┬──────────┤
2025-03-05 14:26:12,209 INFO     ___FILE_ONLY___ 

2025-03-05 14:26:12,209 INFO     ___FILE_ONLY___ │                         Name                        │  Version   │   Size   │
2025-03-05 14:26:12,209 INFO     ___FILE_ONLY___ 

2025-03-05 14:26:12,209 INFO     ___FILE_ONLY___ ├─────────────────────────────────────────────────────┼────────────┼──────────┤
2025-03-05 14:26:12,209 INFO     ___FILE_ONLY___ 

2025-03-05 14:26:12,209 INFO     ___FILE_ONLY___ │ 
2025-03-05 14:26:12,209 INFO     ___FILE_ONLY___ BigQuery Command Line Tool                         
2025-03-05 14:26:12,209 INFO     ___FILE_ONLY___  
2025-03-05 14:26:12,209 INFO     ___FILE_ONLY___ │ 
2025-03-05 14:26:12,209 INFO     ___FILE_ONLY___     2.1.14
2025-03-05 14:26:12,210 INFO     ___FILE_ONLY___  
2025-03-05 14:26:12,210 INFO     ___FILE_ONLY___ │ 
2025-03-05 14:26:12,210 INFO     ___FILE_ONLY___  1.8 MiB
2025-03-05 14:26:12,210 INFO     ___FILE_ONLY___  
2025-03-05 14:26:12,210 INFO     ___FILE_ONLY___ │
2025-03-05 14:26:12,210 INFO     ___FILE_ONLY___ 

2025-03-05 14:26:12,210 INFO     ___FILE_ONLY___ │ 
2025-03-05 14:26:12,210 INFO     ___FILE_ONLY___ BigQuery Command Line Tool (Platform Specific)     
2025-03-05 14:26:12,210 INFO     ___FILE_ONLY___  
2025-03-05 14:26:12,210 INFO     ___FILE_ONLY___ │ 
2025-03-05 14:26:12,210 INFO     ___FILE_ONLY___      2.1.8
2025-03-05 14:26:12,210 INFO     ___FILE_ONLY___  
2025-03-05 14:26:12,210 INFO     ___FILE_ONLY___ │ 
2025-03-05 14:26:12,210 INFO     ___FILE_ONLY___  < 1 MiB
2025-03-05 14:26:12,210 INFO     ___FILE_ONLY___  
2025-03-05 14:26:12,210 INFO     ___FILE_ONLY___ │
2025-03-05 14:26:12,210 INFO     ___FILE_ONLY___ 

2025-03-05 14:26:12,210 INFO     ___FILE_ONLY___ │ 
2025-03-05 14:26:12,210 INFO     ___FILE_ONLY___ Bundled Python 3.12 (Platform Specific)            
2025-03-05 14:26:12,211 INFO     ___FILE_ONLY___  
2025-03-05 14:26:12,211 INFO     ___FILE_ONLY___ │ 
2025-03-05 14:26:12,211 INFO     ___FILE_ONLY___     3.12.8
2025-03-05 14:26:12,211 INFO     ___FILE_ONLY___  
2025-03-05 14:26:12,211 INFO     ___FILE_ONLY___ │ 
2025-03-05 14:26:12,211 INFO     ___FILE_ONLY___ 89.2 MiB
2025-03-05 14:26:12,211 INFO     ___FILE_ONLY___  
2025-03-05 14:26:12,211 INFO     ___FILE_ONLY___ │
2025-03-05 14:26:12,211 INFO     ___FILE_ONLY___ 

2025-03-05 14:26:12,211 INFO     ___FILE_ONLY___ │ 
2025-03-05 14:26:12,211 INFO     ___FILE_ONLY___ Cloud Storage Command Line Tool                    
2025-03-05 14:26:12,211 INFO     ___FILE_ONLY___  
2025-03-05 14:26:12,211 INFO     ___FILE_ONLY___ │ 
2025-03-05 14:26:12,211 INFO     ___FILE_ONLY___       5.33
2025-03-05 14:26:12,211 INFO     ___FILE_ONLY___  
2025-03-05 14:26:12,211 INFO     ___FILE_ONLY___ │ 
2025-03-05 14:26:12,211 INFO     ___FILE_ONLY___ 11.8 MiB
2025-03-05 14:26:12,211 INFO     ___FILE_ONLY___  
2025-03-05 14:26:12,211 INFO     ___FILE_ONLY___ │
2025-03-05 14:26:12,211 INFO     ___FILE_ONLY___ 

2025-03-05 14:26:12,211 INFO     ___FILE_ONLY___ │ 
2025-03-05 14:26:12,212 INFO     ___FILE_ONLY___ Cloud Storage Command Line Tool (Platform Specific)
2025-03-05 14:26:12,212 INFO     ___FILE_ONLY___  
2025-03-05 14:26:12,212 INFO     ___FILE_ONLY___ │ 
2025-03-05 14:26:12,212 INFO     ___FILE_ONLY___       5.30
2025-03-05 14:26:12,212 INFO     ___FILE_ONLY___  
2025-03-05 14:26:12,212 INFO     ___FILE_ONLY___ │ 
2025-03-05 14:26:12,212 INFO     ___FILE_ONLY___  < 1 MiB
2025-03-05 14:26:12,212 INFO     ___FILE_ONLY___  
2025-03-05 14:26:12,212 INFO     ___FILE_ONLY___ │
2025-03-05 14:26:12,212 INFO     ___FILE_ONLY___ 

2025-03-05 14:26:12,212 INFO     ___FILE_ONLY___ │ 
2025-03-05 14:26:12,212 INFO     ___FILE_ONLY___ Google Cloud CLI Core Libraries (Platform Specific)
2025-03-05 14:26:12,212 INFO     ___FILE_ONLY___  
2025-03-05 14:26:12,212 INFO     ___FILE_ONLY___ │ 
2025-03-05 14:26:12,212 INFO     ___FILE_ONLY___ 2024.08.30
2025-03-05 14:26:12,212 INFO     ___FILE_ONLY___  
2025-03-05 14:26:12,212 INFO     ___FILE_ONLY___ │ 
2025-03-05 14:26:12,212 INFO     ___FILE_ONLY___  < 1 MiB
2025-03-05 14:26:12,212 INFO     ___FILE_ONLY___  
2025-03-05 14:26:12,212 INFO     ___FILE_ONLY___ │
2025-03-05 14:26:12,212 INFO     ___FILE_ONLY___ 

2025-03-05 14:26:12,212 INFO     ___FILE_ONLY___ │ 
2025-03-05 14:26:12,213 INFO     ___FILE_ONLY___ Google Cloud CRC32C Hash Tool (Platform Specific)  
2025-03-05 14:26:12,213 INFO     ___FILE_ONLY___  
2025-03-05 14:26:12,213 INFO     ___FILE_ONLY___ │ 
2025-03-05 14:26:12,213 INFO     ___FILE_ONLY___      1.0.0
2025-03-05 14:26:12,213 INFO     ___FILE_ONLY___  
2025-03-05 14:26:12,213 INFO     ___FILE_ONLY___ │ 
2025-03-05 14:26:12,213 INFO     ___FILE_ONLY___  1.4 MiB
2025-03-05 14:26:12,213 INFO     ___FILE_ONLY___  
2025-03-05 14:26:12,213 INFO     ___FILE_ONLY___ │
2025-03-05 14:26:12,213 INFO     ___FILE_ONLY___ 

2025-03-05 14:26:12,213 INFO     ___FILE_ONLY___ │ 
2025-03-05 14:26:12,213 INFO     ___FILE_ONLY___ gcloud cli dependencies (Platform Specific)        
2025-03-05 14:26:12,213 INFO     ___FILE_ONLY___  
2025-03-05 14:26:12,213 INFO     ___FILE_ONLY___ │ 
2025-03-05 14:26:12,213 INFO     ___FILE_ONLY___ 2021.04.16
2025-03-05 14:26:12,213 INFO     ___FILE_ONLY___  
2025-03-05 14:26:12,213 INFO     ___FILE_ONLY___ │ 
2025-03-05 14:26:12,213 INFO     ___FILE_ONLY___  < 1 MiB
2025-03-05 14:26:12,213 INFO     ___FILE_ONLY___  
2025-03-05 14:26:12,213 INFO     ___FILE_ONLY___ │
2025-03-05 14:26:12,214 INFO     ___FILE_ONLY___ 

2025-03-05 14:26:12,214 INFO     ___FILE_ONLY___ └─────────────────────────────────────────────────────┴────────────┴──────────┘
2025-03-05 14:26:12,214 INFO     ___FILE_ONLY___ 

2025-03-05 14:26:12,214 INFO     ___FILE_ONLY___ 

2025-03-05 14:26:12,217 DEBUG    urllib3.connectionpool Starting new HTTPS connection (1): dl.google.com:443
2025-03-05 14:26:12,267 DEBUG    urllib3.connectionpool https://dl.google.com:443 "GET /dl/cloudsdk/channels/rapid/RELEASE_NOTES HTTP/11" 200 1374936
2025-03-05 14:26:12,848 INFO     ___FILE_ONLY___ For the latest full release notes, please visit:
  https://cloud.google.com/sdk/release_notes


2025-03-05 14:26:12,849 INFO     ___FILE_ONLY___ Performing in place update...


2025-03-05 14:26:12,851 INFO     ___FILE_ONLY___ ╔════════════════════════════════════════════════════════════╗

2025-03-05 14:26:12,851 INFO     ___FILE_ONLY___ ╠═ Downloading: BigQuery Command Line Tool                  ═╣

2025-03-05 14:26:12,851 INFO     ___FILE_ONLY___ ╚
2025-03-05 14:26:12,854 DEBUG    urllib3.connectionpool Starting new HTTPS connection (1): dl.google.com:443
2025-03-05 14:26:12,890 DEBUG    urllib3.connectionpool https://dl.google.com:443 "GET /dl/cloudsdk/channels/rapid/components/google-cloud-sdk-bq-20250228155416.tar.gz HTTP/11" 200 1845321
2025-03-05 14:26:12,999 INFO     ___FILE_ONLY___ ═
2025-03-05 14:26:13,000 INFO     ___FILE_ONLY___ ═
2025-03-05 14:26:13,000 INFO     ___FILE_ONLY___ ═
2025-03-05 14:26:13,000 INFO     ___FILE_ONLY___ ═
2025-03-05 14:26:13,000 INFO     ___FILE_ONLY___ ═
2025-03-05 14:26:13,000 INFO     ___FILE_ONLY___ ═
2025-03-05 14:26:13,000 INFO     ___FILE_ONLY___ ═
2025-03-05 14:26:13,000 INFO     ___FILE_ONLY___ ═
2025-03-05 14:26:13,000 INFO     ___FILE_ONLY___ ═
2025-03-05 14:26:13,001 INFO     ___FILE_ONLY___ ═
2025-03-05 14:26:13,001 INFO     ___FILE_ONLY___ ═
2025-03-05 14:26:13,001 INFO     ___FILE_ONLY___ ═
2025-03-05 14:26:13,001 INFO     ___FILE_ONLY___ ═
2025-03-05 14:26:13,001 INFO     ___FILE_ONLY___ ═
2025-03-05 14:26:13,001 INFO     ___FILE_ONLY___ ═
2025-03-05 14:26:13,001 INFO     ___FILE_ONLY___ ═
2025-03-05 14:26:13,002 INFO     ___FILE_ONLY___ ═
2025-03-05 14:26:13,002 INFO     ___FILE_ONLY___ ═
2025-03-05 14:26:13,002 INFO     ___FILE_ONLY___ ═
2025-03-05 14:26:13,002 INFO     ___FILE_ONLY___ ═
2025-03-05 14:26:13,002 INFO     ___FILE_ONLY___ ═
2025-03-05 14:26:13,002 INFO     ___FILE_ONLY___ ═
2025-03-05 14:26:13,002 INFO     ___FILE_ONLY___ ═
2025-03-05 14:26:13,003 INFO     ___FILE_ONLY___ ═
2025-03-05 14:26:13,003 INFO     ___FILE_ONLY___ ═
2025-03-05 14:26:13,003 INFO     ___FILE_ONLY___ ═
2025-03-05 14:26:13,003 INFO     ___FILE_ONLY___ ═
2025-03-05 14:26:13,003 INFO     ___FILE_ONLY___ ═
2025-03-05 14:26:13,003 INFO     ___FILE_ONLY___ ═
2025-03-05 14:26:13,003 INFO     ___FILE_ONLY___ ═
2025-03-05 14:26:13,003 INFO     ___FILE_ONLY___ ═
2025-03-05 14:26:13,004 INFO     ___FILE_ONLY___ ═
2025-03-05 14:26:13,004 INFO     ___FILE_ONLY___ ═
2025-03-05 14:26:13,004 INFO     ___FILE_ONLY___ ═
2025-03-05 14:26:13,004 INFO     ___FILE_ONLY___ ═
2025-03-05 14:26:13,004 INFO     ___FILE_ONLY___ ═
2025-03-05 14:26:13,004 INFO     ___FILE_ONLY___ ═
2025-03-05 14:26:13,004 INFO     ___FILE_ONLY___ ═
2025-03-05 14:26:13,005 INFO     ___FILE_ONLY___ ═
2025-03-05 14:26:13,005 INFO     ___FILE_ONLY___ ═
2025-03-05 14:26:13,005 INFO     ___FILE_ONLY___ ═
2025-03-05 14:26:13,005 INFO     ___FILE_ONLY___ ═
2025-03-05 14:26:13,005 INFO     ___FILE_ONLY___ ═
2025-03-05 14:26:13,005 INFO     ___FILE_ONLY___ ═
2025-03-05 14:26:13,005 INFO     ___FILE_ONLY___ ═
2025-03-05 14:26:13,005 INFO     ___FILE_ONLY___ ═
2025-03-05 14:26:13,006 INFO     ___FILE_ONLY___ ═
2025-03-05 14:26:13,006 INFO     ___FILE_ONLY___ ═
2025-03-05 14:26:13,006 INFO     ___FILE_ONLY___ ═
2025-03-05 14:26:13,006 INFO     ___FILE_ONLY___ ═
2025-03-05 14:26:13,006 INFO     ___FILE_ONLY___ ═
2025-03-05 14:26:13,006 INFO     ___FILE_ONLY___ ═
2025-03-05 14:26:13,006 INFO     ___FILE_ONLY___ ═
2025-03-05 14:26:13,007 INFO     ___FILE_ONLY___ ═
2025-03-05 14:26:13,007 INFO     ___FILE_ONLY___ ═
2025-03-05 14:26:13,007 INFO     ___FILE_ONLY___ ═
2025-03-05 14:26:13,007 INFO     ___FILE_ONLY___ ═
2025-03-05 14:26:13,007 INFO     ___FILE_ONLY___ ═
2025-03-05 14:26:13,007 INFO     ___FILE_ONLY___ ═
2025-03-05 14:26:13,007 INFO     ___FILE_ONLY___ ═
2025-03-05 14:26:13,007 INFO     ___FILE_ONLY___ ╝

2025-03-05 14:26:13,010 INFO     ___FILE_ONLY___ ╔════════════════════════════════════════════════════════════╗

2025-03-05 14:26:13,010 INFO     ___FILE_ONLY___ ╠═ Downloading: BigQuery Command Line Tool (Platform Spe... ═╣

2025-03-05 14:26:13,010 INFO     ___FILE_ONLY___ ╚
2025-03-05 14:26:13,014 DEBUG    urllib3.connectionpool Starting new HTTPS connection (1): dl.google.com:443
2025-03-05 14:26:13,166 DEBUG    urllib3.connectionpool https://dl.google.com:443 "GET /dl/cloudsdk/channels/rapid/components/google-cloud-sdk-bq-nix-20240830134514.tar.gz HTTP/11" 200 1914
2025-03-05 14:26:13,166 INFO     ___FILE_ONLY___ ════════════════════════════════════════════════════════════
2025-03-05 14:26:13,167 INFO     ___FILE_ONLY___ ╝

2025-03-05 14:26:13,169 INFO     ___FILE_ONLY___ ╔════════════════════════════════════════════════════════════╗

2025-03-05 14:26:13,169 INFO     ___FILE_ONLY___ ╠═ Downloading: Bundled Python 3.12                         ═╣

2025-03-05 14:26:13,169 INFO     ___FILE_ONLY___ ╚
2025-03-05 14:26:13,169 INFO     ___FILE_ONLY___ ════════════════════════════════════════════════════════════
2025-03-05 14:26:13,169 INFO     ___FILE_ONLY___ ╝

2025-03-05 14:26:13,171 INFO     ___FILE_ONLY___ ╔════════════════════════════════════════════════════════════╗

2025-03-05 14:26:13,171 INFO     ___FILE_ONLY___ ╠═ Downloading: Bundled Python 3.12 (Platform Specific)     ═╣

2025-03-05 14:26:13,171 INFO     ___FILE_ONLY___ ╚
2025-03-05 14:26:13,174 DEBUG    urllib3.connectionpool Starting new HTTPS connection (1): dl.google.com:443
2025-03-05 14:26:13,378 DEBUG    urllib3.connectionpool https://dl.google.com:443 "GET /dl/cloudsdk/channels/rapid/components/google-cloud-sdk-bundled-python3-unix-linux-x86_64-20250131143518.tar.gz HTTP/11" 200 93520256
2025-03-05 14:26:14,733 INFO     ___FILE_ONLY___ ═
2025-03-05 14:26:14,736 INFO     ___FILE_ONLY___ ═
2025-03-05 14:26:14,738 INFO     ___FILE_ONLY___ ═
2025-03-05 14:26:14,739 INFO     ___FILE_ONLY___ ═
2025-03-05 14:26:14,741 INFO     ___FILE_ONLY___ ═
2025-03-05 14:26:14,743 INFO     ___FILE_ONLY___ ═
2025-03-05 14:26:14,745 INFO     ___FILE_ONLY___ ═
2025-03-05 14:26:14,747 INFO     ___FILE_ONLY___ ═
2025-03-05 14:26:14,749 INFO     ___FILE_ONLY___ ═
2025-03-05 14:26:14,751 INFO     ___FILE_ONLY___ ═
2025-03-05 14:26:14,753 INFO     ___FILE_ONLY___ ═
2025-03-05 14:26:14,755 INFO     ___FILE_ONLY___ ═
2025-03-05 14:26:14,757 INFO     ___FILE_ONLY___ ═
2025-03-05 14:26:14,759 INFO     ___FILE_ONLY___ ═
2025-03-05 14:26:14,761 INFO     ___FILE_ONLY___ ═
2025-03-05 14:26:14,763 INFO     ___FILE_ONLY___ ═
2025-03-05 14:26:14,765 INFO     ___FILE_ONLY___ ═
2025-03-05 14:26:14,767 INFO     ___FILE_ONLY___ ═
2025-03-05 14:26:14,769 INFO     ___FILE_ONLY___ ═
2025-03-05 14:26:14,771 INFO     ___FILE_ONLY___ ═
2025-03-05 14:26:14,773 INFO     ___FILE_ONLY___ ═
2025-03-05 14:26:14,774 INFO     ___FILE_ONLY___ ═
2025-03-05 14:26:14,776 INFO     ___FILE_ONLY___ ═
2025-03-05 14:26:14,778 INFO     ___FILE_ONLY___ ═
2025-03-05 14:26:14,780 INFO     ___FILE_ONLY___ ═
2025-03-05 14:26:14,782 INFO     ___FILE_ONLY___ ═
2025-03-05 14:26:14,784 INFO     ___FILE_ONLY___ ═
2025-03-05 14:26:14,786 INFO     ___FILE_ONLY___ ═
2025-03-05 14:26:14,788 INFO     ___FILE_ONLY___ ═
2025-03-05 14:26:14,790 INFO     ___FILE_ONLY___ ═
2025-03-05 14:26:14,792 INFO     ___FILE_ONLY___ ═
2025-03-05 14:26:14,794 INFO     ___FILE_ONLY___ ═
2025-03-05 14:26:14,796 INFO     ___FILE_ONLY___ ═
2025-03-05 14:26:14,798 INFO     ___FILE_ONLY___ ═
2025-03-05 14:26:14,800 INFO     ___FILE_ONLY___ ═
2025-03-05 14:26:14,802 INFO     ___FILE_ONLY___ ═
2025-03-05 14:26:14,804 INFO     ___FILE_ONLY___ ═
2025-03-05 14:26:14,806 INFO     ___FILE_ONLY___ ═
2025-03-05 14:26:14,808 INFO     ___FILE_ONLY___ ═
2025-03-05 14:26:14,809 INFO     ___FILE_ONLY___ ═
2025-03-05 14:26:14,811 INFO     ___FILE_ONLY___ ═
2025-03-05 14:26:14,813 INFO     ___FILE_ONLY___ ═
2025-03-05 14:26:14,815 INFO     ___FILE_ONLY___ ═
2025-03-05 14:26:14,817 INFO     ___FILE_ONLY___ ═
2025-03-05 14:26:14,819 INFO     ___FILE_ONLY___ ═
2025-03-05 14:26:14,822 INFO     ___FILE_ONLY___ ═
2025-03-05 14:26:14,824 INFO     ___FILE_ONLY___ ═
2025-03-05 14:26:14,828 INFO     ___FILE_ONLY___ ═
2025-03-05 14:26:14,831 INFO     ___FILE_ONLY___ ═
2025-03-05 14:26:14,834 INFO     ___FILE_ONLY___ ═
2025-03-05 14:26:14,836 INFO     ___FILE_ONLY___ ═
2025-03-05 14:26:14,838 INFO     ___FILE_ONLY___ ═
2025-03-05 14:26:14,840 INFO     ___FILE_ONLY___ ═
2025-03-05 14:26:14,842 INFO     ___FILE_ONLY___ ═
2025-03-05 14:26:14,844 INFO     ___FILE_ONLY___ ═
2025-03-05 14:26:14,847 INFO     ___FILE_ONLY___ ═
2025-03-05 14:26:14,849 INFO     ___FILE_ONLY___ ═
2025-03-05 14:26:14,851 INFO     ___FILE_ONLY___ ═
2025-03-05 14:26:14,853 INFO     ___FILE_ONLY___ ═
2025-03-05 14:26:14,855 INFO     ___FILE_ONLY___ ═
2025-03-05 14:26:14,855 INFO     ___FILE_ONLY___ ╝

2025-03-05 14:26:14,859 INFO     ___FILE_ONLY___ ╔════════════════════════════════════════════════════════════╗

2025-03-05 14:26:14,859 INFO     ___FILE_ONLY___ ╠═ Downloading: Cloud Storage Command Line Tool             ═╣

2025-03-05 14:26:14,859 INFO     ___FILE_ONLY___ ╚
2025-03-05 14:26:14,862 DEBUG    urllib3.connectionpool Starting new HTTPS connection (1): dl.google.com:443
2025-03-05 14:26:14,895 DEBUG    urllib3.connectionpool https://dl.google.com:443 "GET /dl/cloudsdk/channels/rapid/components/google-cloud-sdk-gsutil-20241213184646.tar.gz HTTP/11" 200 12368759
2025-03-05 14:26:15,123 INFO     ___FILE_ONLY___ ═
2025-03-05 14:26:15,123 INFO     ___FILE_ONLY___ ═
2025-03-05 14:26:15,124 INFO     ___FILE_ONLY___ ═
2025-03-05 14:26:15,124 INFO     ___FILE_ONLY___ ═
2025-03-05 14:26:15,124 INFO     ___FILE_ONLY___ ═
2025-03-05 14:26:15,125 INFO     ___FILE_ONLY___ ═
2025-03-05 14:26:15,125 INFO     ___FILE_ONLY___ ═
2025-03-05 14:26:15,125 INFO     ___FILE_ONLY___ ═
2025-03-05 14:26:15,126 INFO     ___FILE_ONLY___ ═
2025-03-05 14:26:15,126 INFO     ___FILE_ONLY___ ═
2025-03-05 14:26:15,126 INFO     ___FILE_ONLY___ ═
2025-03-05 14:26:15,127 INFO     ___FILE_ONLY___ ═
2025-03-05 14:26:15,127 INFO     ___FILE_ONLY___ ═
2025-03-05 14:26:15,128 INFO     ___FILE_ONLY___ ═
2025-03-05 14:26:15,128 INFO     ___FILE_ONLY___ ═
2025-03-05 14:26:15,128 INFO     ___FILE_ONLY___ ═
2025-03-05 14:26:15,129 INFO     ___FILE_ONLY___ ═
2025-03-05 14:26:15,129 INFO     ___FILE_ONLY___ ═
2025-03-05 14:26:15,129 INFO     ___FILE_ONLY___ ═
2025-03-05 14:26:15,130 INFO     ___FILE_ONLY___ ═
2025-03-05 14:26:15,130 INFO     ___FILE_ONLY___ ═
2025-03-05 14:26:15,130 INFO     ___FILE_ONLY___ ═
2025-03-05 14:26:15,131 INFO     ___FILE_ONLY___ ═
2025-03-05 14:26:15,131 INFO     ___FILE_ONLY___ ═
2025-03-05 14:26:15,132 INFO     ___FILE_ONLY___ ═
2025-03-05 14:26:15,132 INFO     ___FILE_ONLY___ ═
2025-03-05 14:26:15,132 INFO     ___FILE_ONLY___ ═
2025-03-05 14:26:15,133 INFO     ___FILE_ONLY___ ═
2025-03-05 14:26:15,133 INFO     ___FILE_ONLY___ ═
2025-03-05 14:26:15,133 INFO     ___FILE_ONLY___ ═
2025-03-05 14:26:15,134 INFO     ___FILE_ONLY___ ═
2025-03-05 14:26:15,134 INFO     ___FILE_ONLY___ ═
2025-03-05 14:26:15,135 INFO     ___FILE_ONLY___ ═
2025-03-05 14:26:15,135 INFO     ___FILE_ONLY___ ═
2025-03-05 14:26:15,135 INFO     ___FILE_ONLY___ ═
2025-03-05 14:26:15,136 INFO     ___FILE_ONLY___ ═
2025-03-05 14:26:15,136 INFO     ___FILE_ONLY___ ═
2025-03-05 14:26:15,138 INFO     ___FILE_ONLY___ ═
2025-03-05 14:26:15,138 INFO     ___FILE_ONLY___ ═
2025-03-05 14:26:15,139 INFO     ___FILE_ONLY___ ═
2025-03-05 14:26:15,139 INFO     ___FILE_ONLY___ ═
2025-03-05 14:26:15,139 INFO     ___FILE_ONLY___ ═
2025-03-05 14:26:15,140 INFO     ___FILE_ONLY___ ═
2025-03-05 14:26:15,140 INFO     ___FILE_ONLY___ ═
2025-03-05 14:26:15,140 INFO     ___FILE_ONLY___ ═
2025-03-05 14:26:15,141 INFO     ___FILE_ONLY___ ═
2025-03-05 14:26:15,142 INFO     ___FILE_ONLY___ ═
2025-03-05 14:26:15,142 INFO     ___FILE_ONLY___ ═
2025-03-05 14:26:15,142 INFO     ___FILE_ONLY___ ═
2025-03-05 14:26:15,143 INFO     ___FILE_ONLY___ ═
2025-03-05 14:26:15,144 INFO     ___FILE_ONLY___ ═
2025-03-05 14:26:15,144 INFO     ___FILE_ONLY___ ═
2025-03-05 14:26:15,144 INFO     ___FILE_ONLY___ ═
2025-03-05 14:26:15,145 INFO     ___FILE_ONLY___ ═
2025-03-05 14:26:15,146 INFO     ___FILE_ONLY___ ═
2025-03-05 14:26:15,146 INFO     ___FILE_ONLY___ ═
2025-03-05 14:26:15,147 INFO     ___FILE_ONLY___ ═
2025-03-05 14:26:15,147 INFO     ___FILE_ONLY___ ═
2025-03-05 14:26:15,148 INFO     ___FILE_ONLY___ ═
2025-03-05 14:26:15,148 INFO     ___FILE_ONLY___ ═
2025-03-05 14:26:15,149 INFO     ___FILE_ONLY___ ╝

2025-03-05 14:26:15,151 INFO     ___FILE_ONLY___ ╔════════════════════════════════════════════════════════════╗

2025-03-05 14:26:15,151 INFO     ___FILE_ONLY___ ╠═ Downloading: Cloud Storage Command Line Tool (Platfor... ═╣

2025-03-05 14:26:15,152 INFO     ___FILE_ONLY___ ╚
2025-03-05 14:26:15,155 DEBUG    urllib3.connectionpool Starting new HTTPS connection (1): dl.google.com:443
2025-03-05 14:26:15,351 DEBUG    urllib3.connectionpool https://dl.google.com:443 "GET /dl/cloudsdk/channels/rapid/components/google-cloud-sdk-gsutil-nix-20240830134514.tar.gz HTTP/11" 200 1928
2025-03-05 14:26:15,352 INFO     ___FILE_ONLY___ ════════════════════════════════════════════════════════════
2025-03-05 14:26:15,352 INFO     ___FILE_ONLY___ ╝

2025-03-05 14:26:15,354 INFO     ___FILE_ONLY___ ╔════════════════════════════════════════════════════════════╗

2025-03-05 14:26:15,354 INFO     ___FILE_ONLY___ ╠═ Downloading: Default set of gcloud commands              ═╣

2025-03-05 14:26:15,354 INFO     ___FILE_ONLY___ ╚
2025-03-05 14:26:15,354 INFO     ___FILE_ONLY___ ════════════════════════════════════════════════════════════
2025-03-05 14:26:15,354 INFO     ___FILE_ONLY___ ╝

2025-03-05 14:26:15,356 INFO     ___FILE_ONLY___ ╔════════════════════════════════════════════════════════════╗

2025-03-05 14:26:15,356 INFO     ___FILE_ONLY___ ╠═ Downloading: Google Cloud CLI Core Libraries (Platfor... ═╣

2025-03-05 14:26:15,356 INFO     ___FILE_ONLY___ ╚
2025-03-05 14:26:15,360 DEBUG    urllib3.connectionpool Starting new HTTPS connection (1): dl.google.com:443
2025-03-05 14:26:15,393 DEBUG    urllib3.connectionpool https://dl.google.com:443 "GET /dl/cloudsdk/channels/rapid/components/google-cloud-sdk-core-nix-20240830134514.tar.gz HTTP/11" 200 2306
2025-03-05 14:26:15,394 INFO     ___FILE_ONLY___ ════════════════════════════════════════════════════════════
2025-03-05 14:26:15,394 INFO     ___FILE_ONLY___ ╝

2025-03-05 14:26:15,396 INFO     ___FILE_ONLY___ ╔════════════════════════════════════════════════════════════╗

2025-03-05 14:26:15,396 INFO     ___FILE_ONLY___ ╠═ Downloading: Google Cloud CRC32C Hash Tool               ═╣

2025-03-05 14:26:15,396 INFO     ___FILE_ONLY___ ╚
2025-03-05 14:26:15,396 INFO     ___FILE_ONLY___ ════════════════════════════════════════════════════════════
2025-03-05 14:26:15,396 INFO     ___FILE_ONLY___ ╝

2025-03-05 14:26:15,398 INFO     ___FILE_ONLY___ ╔════════════════════════════════════════════════════════════╗

2025-03-05 14:26:15,398 INFO     ___FILE_ONLY___ ╠═ Downloading: Google Cloud CRC32C Hash Tool (Platform ... ═╣

2025-03-05 14:26:15,398 INFO     ___FILE_ONLY___ ╚
2025-03-05 14:26:15,401 DEBUG    urllib3.connectionpool Starting new HTTPS connection (1): dl.google.com:443
2025-03-05 14:26:15,489 DEBUG    urllib3.connectionpool https://dl.google.com:443 "GET /dl/cloudsdk/channels/rapid/components/google-cloud-sdk-gcloud-crc32c-linux-x86_64-20250110133808.tar.gz HTTP/11" 200 1478989
2025-03-05 14:26:15,673 INFO     ___FILE_ONLY___ ═
2025-03-05 14:26:15,673 INFO     ___FILE_ONLY___ ═
2025-03-05 14:26:15,673 INFO     ___FILE_ONLY___ ═
2025-03-05 14:26:15,673 INFO     ___FILE_ONLY___ ═
2025-03-05 14:26:15,674 INFO     ___FILE_ONLY___ ═
2025-03-05 14:26:15,674 INFO     ___FILE_ONLY___ ═
2025-03-05 14:26:15,674 INFO     ___FILE_ONLY___ ═
2025-03-05 14:26:15,674 INFO     ___FILE_ONLY___ ═
2025-03-05 14:26:15,674 INFO     ___FILE_ONLY___ ═
2025-03-05 14:26:15,674 INFO     ___FILE_ONLY___ ═
2025-03-05 14:26:15,674 INFO     ___FILE_ONLY___ ═
2025-03-05 14:26:15,674 INFO     ___FILE_ONLY___ ═
2025-03-05 14:26:15,675 INFO     ___FILE_ONLY___ ═
2025-03-05 14:26:15,675 INFO     ___FILE_ONLY___ ═
2025-03-05 14:26:15,675 INFO     ___FILE_ONLY___ ═
2025-03-05 14:26:15,675 INFO     ___FILE_ONLY___ ═
2025-03-05 14:26:15,675 INFO     ___FILE_ONLY___ ═
2025-03-05 14:26:15,675 INFO     ___FILE_ONLY___ ═
2025-03-05 14:26:15,675 INFO     ___FILE_ONLY___ ═
2025-03-05 14:26:15,675 INFO     ___FILE_ONLY___ ═
2025-03-05 14:26:15,676 INFO     ___FILE_ONLY___ ═
2025-03-05 14:26:15,676 INFO     ___FILE_ONLY___ ═
2025-03-05 14:26:15,676 INFO     ___FILE_ONLY___ ═
2025-03-05 14:26:15,676 INFO     ___FILE_ONLY___ ═
2025-03-05 14:26:15,676 INFO     ___FILE_ONLY___ ═
2025-03-05 14:26:15,676 INFO     ___FILE_ONLY___ ═
2025-03-05 14:26:15,676 INFO     ___FILE_ONLY___ ═
2025-03-05 14:26:15,676 INFO     ___FILE_ONLY___ ═
2025-03-05 14:26:15,677 INFO     ___FILE_ONLY___ ═
2025-03-05 14:26:15,677 INFO     ___FILE_ONLY___ ═
2025-03-05 14:26:15,677 INFO     ___FILE_ONLY___ ═
2025-03-05 14:26:15,677 INFO     ___FILE_ONLY___ ═
2025-03-05 14:26:15,677 INFO     ___FILE_ONLY___ ═
2025-03-05 14:26:15,677 INFO     ___FILE_ONLY___ ═
2025-03-05 14:26:15,677 INFO     ___FILE_ONLY___ ═
2025-03-05 14:26:15,677 INFO     ___FILE_ONLY___ ═
2025-03-05 14:26:15,678 INFO     ___FILE_ONLY___ ═
2025-03-05 14:26:15,678 INFO     ___FILE_ONLY___ ═
2025-03-05 14:26:15,678 INFO     ___FILE_ONLY___ ═
2025-03-05 14:26:15,678 INFO     ___FILE_ONLY___ ═
2025-03-05 14:26:15,678 INFO     ___FILE_ONLY___ ═
2025-03-05 14:26:15,678 INFO     ___FILE_ONLY___ ═
2025-03-05 14:26:15,678 INFO     ___FILE_ONLY___ ═
2025-03-05 14:26:15,679 INFO     ___FILE_ONLY___ ═
2025-03-05 14:26:15,679 INFO     ___FILE_ONLY___ ═
2025-03-05 14:26:15,679 INFO     ___FILE_ONLY___ ═
2025-03-05 14:26:15,679 INFO     ___FILE_ONLY___ ═
2025-03-05 14:26:15,679 INFO     ___FILE_ONLY___ ═
2025-03-05 14:26:15,679 INFO     ___FILE_ONLY___ ═
2025-03-05 14:26:15,679 INFO     ___FILE_ONLY___ ═
2025-03-05 14:26:15,679 INFO     ___FILE_ONLY___ ═
2025-03-05 14:26:15,680 INFO     ___FILE_ONLY___ ═
2025-03-05 14:26:15,680 INFO     ___FILE_ONLY___ ═
2025-03-05 14:26:15,680 INFO     ___FILE_ONLY___ ═
2025-03-05 14:26:15,680 INFO     ___FILE_ONLY___ ═
2025-03-05 14:26:15,680 INFO     ___FILE_ONLY___ ═
2025-03-05 14:26:15,680 INFO     ___FILE_ONLY___ ═
2025-03-05 14:26:15,680 INFO     ___FILE_ONLY___ ═
2025-03-05 14:26:15,681 INFO     ___FILE_ONLY___ ═
2025-03-05 14:26:15,681 INFO     ___FILE_ONLY___ ═
2025-03-05 14:26:15,681 INFO     ___FILE_ONLY___ ╝

2025-03-05 14:26:15,683 INFO     ___FILE_ONLY___ ╔════════════════════════════════════════════════════════════╗

2025-03-05 14:26:15,683 INFO     ___FILE_ONLY___ ╠═ Downloading: gcloud cli dependencies (Platform Specific) ═╣

2025-03-05 14:26:15,683 INFO     ___FILE_ONLY___ ╚
2025-03-05 14:26:15,686 DEBUG    urllib3.connectionpool Starting new HTTPS connection (1): dl.google.com:443
2025-03-05 14:26:15,723 DEBUG    urllib3.connectionpool https://dl.google.com:443 "GET /dl/cloudsdk/channels/rapid/components/google-cloud-sdk-gcloud-deps-linux-x86_64-20210416153011.tar.gz HTTP/11" 200 104
2025-03-05 14:26:15,724 INFO     ___FILE_ONLY___ ════════════════════════════════════════════════════════════
2025-03-05 14:26:15,724 INFO     ___FILE_ONLY___ ╝

2025-03-05 14:26:15,727 INFO     ___FILE_ONLY___ ╔════════════════════════════════════════════════════════════╗

2025-03-05 14:26:15,727 INFO     ___FILE_ONLY___ ╠═ Installing: BigQuery Command Line Tool                   ═╣

2025-03-05 14:26:15,727 INFO     ___FILE_ONLY___ ╚
2025-03-05 14:26:15,813 INFO     ___FILE_ONLY___ ═
2025-03-05 14:26:15,815 INFO     ___FILE_ONLY___ ═
2025-03-05 14:26:15,817 INFO     ___FILE_ONLY___ ═
2025-03-05 14:26:15,819 INFO     ___FILE_ONLY___ ═
2025-03-05 14:26:15,822 INFO     ___FILE_ONLY___ ═
2025-03-05 14:26:15,824 INFO     ___FILE_ONLY___ ═
2025-03-05 14:26:15,826 INFO     ___FILE_ONLY___ ═
2025-03-05 14:26:15,828 INFO     ___FILE_ONLY___ ═
2025-03-05 14:26:15,831 INFO     ___FILE_ONLY___ ═
2025-03-05 14:26:15,833 INFO     ___FILE_ONLY___ ═
2025-03-05 14:26:15,835 INFO     ___FILE_ONLY___ ═
2025-03-05 14:26:15,837 INFO     ___FILE_ONLY___ ═
2025-03-05 14:26:15,839 INFO     ___FILE_ONLY___ ═
2025-03-05 14:26:15,841 INFO     ___FILE_ONLY___ ═
2025-03-05 14:26:15,843 INFO     ___FILE_ONLY___ ═
2025-03-05 14:26:15,846 INFO     ___FILE_ONLY___ ═
2025-03-05 14:26:15,848 INFO     ___FILE_ONLY___ ═
2025-03-05 14:26:15,849 INFO     ___FILE_ONLY___ ═
2025-03-05 14:26:15,853 INFO     ___FILE_ONLY___ ═
2025-03-05 14:26:15,855 INFO     ___FILE_ONLY___ ═
2025-03-05 14:26:15,857 INFO     ___FILE_ONLY___ ═
2025-03-05 14:26:15,860 INFO     ___FILE_ONLY___ ═
2025-03-05 14:26:15,861 INFO     ___FILE_ONLY___ ═
2025-03-05 14:26:15,863 INFO     ___FILE_ONLY___ ═
2025-03-05 14:26:15,865 INFO     ___FILE_ONLY___ ═
2025-03-05 14:26:15,868 INFO     ___FILE_ONLY___ ═
2025-03-05 14:26:15,870 INFO     ___FILE_ONLY___ ═
2025-03-05 14:26:15,872 INFO     ___FILE_ONLY___ ═
2025-03-05 14:26:15,876 INFO     ___FILE_ONLY___ ═
2025-03-05 14:26:15,877 INFO     ___FILE_ONLY___ ═
2025-03-05 14:26:15,880 INFO     ___FILE_ONLY___ ═
2025-03-05 14:26:15,881 INFO     ___FILE_ONLY___ ═
2025-03-05 14:26:15,885 INFO     ___FILE_ONLY___ ═
2025-03-05 14:26:15,887 INFO     ___FILE_ONLY___ ═
2025-03-05 14:26:15,895 INFO     ___FILE_ONLY___ ═
2025-03-05 14:26:15,900 INFO     ___FILE_ONLY___ ═
2025-03-05 14:26:15,905 INFO     ___FILE_ONLY___ ═
2025-03-05 14:26:15,907 INFO     ___FILE_ONLY___ ═
2025-03-05 14:26:15,910 INFO     ___FILE_ONLY___ ═
2025-03-05 14:26:15,912 INFO     ___FILE_ONLY___ ═
2025-03-05 14:26:15,914 INFO     ___FILE_ONLY___ ═
2025-03-05 14:26:15,917 INFO     ___FILE_ONLY___ ═
2025-03-05 14:26:15,921 INFO     ___FILE_ONLY___ ═
2025-03-05 14:26:15,923 INFO     ___FILE_ONLY___ ═
2025-03-05 14:26:15,925 INFO     ___FILE_ONLY___ ═
2025-03-05 14:26:15,927 INFO     ___FILE_ONLY___ ═
2025-03-05 14:26:15,930 INFO     ___FILE_ONLY___ ═
2025-03-05 14:26:15,931 INFO     ___FILE_ONLY___ ═
2025-03-05 14:26:15,934 INFO     ___FILE_ONLY___ ═
2025-03-05 14:26:15,936 INFO     ___FILE_ONLY___ ═
2025-03-05 14:26:15,938 INFO     ___FILE_ONLY___ ═
2025-03-05 14:26:15,940 INFO     ___FILE_ONLY___ ═
2025-03-05 14:26:15,942 INFO     ___FILE_ONLY___ ═
2025-03-05 14:26:15,944 INFO     ___FILE_ONLY___ ═
2025-03-05 14:26:15,946 INFO     ___FILE_ONLY___ ═
2025-03-05 14:26:15,948 INFO     ___FILE_ONLY___ ═
2025-03-05 14:26:15,950 INFO     ___FILE_ONLY___ ═
2025-03-05 14:26:15,952 INFO     ___FILE_ONLY___ ═
2025-03-05 14:26:15,954 INFO     ___FILE_ONLY___ ═
2025-03-05 14:26:15,956 INFO     ___FILE_ONLY___ ═
2025-03-05 14:26:15,957 INFO     ___FILE_ONLY___ ╝

2025-03-05 14:26:15,964 INFO     ___FILE_ONLY___ ╔════════════════════════════════════════════════════════════╗

2025-03-05 14:26:15,964 INFO     ___FILE_ONLY___ ╠═ Installing: BigQuery Command Line Tool (Platform Spec... ═╣

2025-03-05 14:26:15,964 INFO     ___FILE_ONLY___ ╚
2025-03-05 14:26:15,965 INFO     ___FILE_ONLY___ ════════════════════════════════════════════════════════════
2025-03-05 14:26:15,965 INFO     ___FILE_ONLY___ ╝

2025-03-05 14:26:15,969 INFO     ___FILE_ONLY___ ╔════════════════════════════════════════════════════════════╗

2025-03-05 14:26:15,969 INFO     ___FILE_ONLY___ ╠═ Installing: Bundled Python 3.12                          ═╣

2025-03-05 14:26:15,969 INFO     ___FILE_ONLY___ ╚
2025-03-05 14:26:15,972 INFO     ___FILE_ONLY___ ════════════════════════════════════════════════════════════
2025-03-05 14:26:15,973 INFO     ___FILE_ONLY___ ╝

2025-03-05 14:26:15,974 INFO     ___FILE_ONLY___ ╔════════════════════════════════════════════════════════════╗

2025-03-05 14:26:15,974 INFO     ___FILE_ONLY___ ╠═ Installing: Bundled Python 3.12 (Platform Specific)      ═╣

2025-03-05 14:26:15,974 INFO     ___FILE_ONLY___ ╚
2025-03-05 14:26:18,953 INFO     ___FILE_ONLY___ ═
2025-03-05 14:26:19,405 INFO     ___FILE_ONLY___ ═
2025-03-05 14:26:19,425 INFO     ___FILE_ONLY___ ═
2025-03-05 14:26:19,458 INFO     ___FILE_ONLY___ ═
2025-03-05 14:26:19,478 INFO     ___FILE_ONLY___ ═
2025-03-05 14:26:19,492 INFO     ___FILE_ONLY___ ═
2025-03-05 14:26:19,520 INFO     ___FILE_ONLY___ ═
2025-03-05 14:26:19,539 INFO     ___FILE_ONLY___ ═
2025-03-05 14:26:19,556 INFO     ___FILE_ONLY___ ═
2025-03-05 14:26:19,572 INFO     ___FILE_ONLY___ ═
2025-03-05 14:26:19,586 INFO     ___FILE_ONLY___ ═
2025-03-05 14:26:19,611 INFO     ___FILE_ONLY___ ═
2025-03-05 14:26:19,742 INFO     ___FILE_ONLY___ ═
2025-03-05 14:26:19,760 INFO     ___FILE_ONLY___ ═
2025-03-05 14:26:19,776 INFO     ___FILE_ONLY___ ═
2025-03-05 14:26:19,792 INFO     ___FILE_ONLY___ ═
2025-03-05 14:26:19,806 INFO     ___FILE_ONLY___ ═
2025-03-05 14:26:19,823 INFO     ___FILE_ONLY___ ═
2025-03-05 14:26:19,839 INFO     ___FILE_ONLY___ ═
2025-03-05 14:26:19,859 INFO     ___FILE_ONLY___ ═
2025-03-05 14:26:19,874 INFO     ___FILE_ONLY___ ═
2025-03-05 14:26:19,962 INFO     ___FILE_ONLY___ ═
2025-03-05 14:26:19,983 INFO     ___FILE_ONLY___ ═
2025-03-05 14:26:20,439 INFO     ___FILE_ONLY___ ═
2025-03-05 14:26:20,455 INFO     ___FILE_ONLY___ ═
2025-03-05 14:26:20,470 INFO     ___FILE_ONLY___ ═
2025-03-05 14:26:20,486 INFO     ___FILE_ONLY___ ═
2025-03-05 14:26:20,499 INFO     ___FILE_ONLY___ ═
2025-03-05 14:26:20,512 INFO     ___FILE_ONLY___ ═
2025-03-05 14:26:20,524 INFO     ___FILE_ONLY___ ═
2025-03-05 14:26:20,537 INFO     ___FILE_ONLY___ ═
2025-03-05 14:26:20,549 INFO     ___FILE_ONLY___ ═
2025-03-05 14:26:20,560 INFO     ___FILE_ONLY___ ═
2025-03-05 14:26:20,572 INFO     ___FILE_ONLY___ ═
2025-03-05 14:26:20,584 INFO     ___FILE_ONLY___ ═
2025-03-05 14:26:20,595 INFO     ___FILE_ONLY___ ═
2025-03-05 14:26:20,608 INFO     ___FILE_ONLY___ ═
2025-03-05 14:26:20,619 INFO     ___FILE_ONLY___ ═
2025-03-05 14:26:20,631 INFO     ___FILE_ONLY___ ═
2025-03-05 14:26:20,644 INFO     ___FILE_ONLY___ ═
2025-03-05 14:26:20,656 INFO     ___FILE_ONLY___ ═
2025-03-05 14:26:20,667 INFO     ___FILE_ONLY___ ═
2025-03-05 14:26:20,680 INFO     ___FILE_ONLY___ ═
2025-03-05 14:26:20,692 INFO     ___FILE_ONLY___ ═
2025-03-05 14:26:20,704 INFO     ___FILE_ONLY___ ═
2025-03-05 14:26:20,718 INFO     ___FILE_ONLY___ ═
2025-03-05 14:26:20,731 INFO     ___FILE_ONLY___ ═
2025-03-05 14:26:20,743 INFO     ___FILE_ONLY___ ═
2025-03-05 14:26:20,755 INFO     ___FILE_ONLY___ ═
2025-03-05 14:26:20,768 INFO     ___FILE_ONLY___ ═
2025-03-05 14:26:20,780 INFO     ___FILE_ONLY___ ═
2025-03-05 14:26:20,792 INFO     ___FILE_ONLY___ ═
2025-03-05 14:26:20,804 INFO     ___FILE_ONLY___ ═
2025-03-05 14:26:20,815 INFO     ___FILE_ONLY___ ═
2025-03-05 14:26:20,828 INFO     ___FILE_ONLY___ ═
2025-03-05 14:26:20,840 INFO     ___FILE_ONLY___ ═
2025-03-05 14:26:20,852 INFO     ___FILE_ONLY___ ═
2025-03-05 14:26:20,865 INFO     ___FILE_ONLY___ ═
2025-03-05 14:26:20,877 INFO     ___FILE_ONLY___ ═
2025-03-05 14:26:20,889 INFO     ___FILE_ONLY___ ═
2025-03-05 14:26:20,889 INFO     ___FILE_ONLY___ ╝

2025-03-05 14:26:20,939 INFO     ___FILE_ONLY___ ╔════════════════════════════════════════════════════════════╗

2025-03-05 14:26:20,939 INFO     ___FILE_ONLY___ ╠═ Installing: Cloud Storage Command Line Tool              ═╣

2025-03-05 14:26:20,939 INFO     ___FILE_ONLY___ ╚
2025-03-05 14:26:21,431 INFO     ___FILE_ONLY___ ═
2025-03-05 14:26:21,447 INFO     ___FILE_ONLY___ ═
2025-03-05 14:26:21,466 INFO     ___FILE_ONLY___ ═
2025-03-05 14:26:21,482 INFO     ___FILE_ONLY___ ═
2025-03-05 14:26:21,497 INFO     ___FILE_ONLY___ ═
2025-03-05 14:26:21,509 INFO     ___FILE_ONLY___ ═
2025-03-05 14:26:21,523 INFO     ___FILE_ONLY___ ═
2025-03-05 14:26:21,535 INFO     ___FILE_ONLY___ ═
2025-03-05 14:26:21,550 INFO     ___FILE_ONLY___ ═
2025-03-05 14:26:21,563 INFO     ___FILE_ONLY___ ═
2025-03-05 14:26:21,576 INFO     ___FILE_ONLY___ ═
2025-03-05 14:26:21,588 INFO     ___FILE_ONLY___ ═
2025-03-05 14:26:21,598 INFO     ___FILE_ONLY___ ═
2025-03-05 14:26:21,607 INFO     ___FILE_ONLY___ ═
2025-03-05 14:26:21,617 INFO     ___FILE_ONLY___ ═
2025-03-05 14:26:21,627 INFO     ___FILE_ONLY___ ═
2025-03-05 14:26:21,638 INFO     ___FILE_ONLY___ ═
2025-03-05 14:26:21,649 INFO     ___FILE_ONLY___ ═
2025-03-05 14:26:21,659 INFO     ___FILE_ONLY___ ═
2025-03-05 14:26:21,670 INFO     ___FILE_ONLY___ ═
2025-03-05 14:26:21,682 INFO     ___FILE_ONLY___ ═
2025-03-05 14:26:21,695 INFO     ___FILE_ONLY___ ═
2025-03-05 14:26:21,709 INFO     ___FILE_ONLY___ ═
2025-03-05 14:26:21,719 INFO     ___FILE_ONLY___ ═
2025-03-05 14:26:21,731 INFO     ___FILE_ONLY___ ═
2025-03-05 14:26:21,746 INFO     ___FILE_ONLY___ ═
2025-03-05 14:26:21,762 INFO     ___FILE_ONLY___ ═
2025-03-05 14:26:21,779 INFO     ___FILE_ONLY___ ═
2025-03-05 14:26:21,795 INFO     ___FILE_ONLY___ ═
2025-03-05 14:26:21,815 INFO     ___FILE_ONLY___ ═
2025-03-05 14:26:21,825 INFO     ___FILE_ONLY___ ═
2025-03-05 14:26:21,836 INFO     ___FILE_ONLY___ ═
2025-03-05 14:26:21,853 INFO     ___FILE_ONLY___ ═
2025-03-05 14:26:21,865 INFO     ___FILE_ONLY___ ═
2025-03-05 14:26:21,876 INFO     ___FILE_ONLY___ ═
2025-03-05 14:26:21,885 INFO     ___FILE_ONLY___ ═
2025-03-05 14:26:21,895 INFO     ___FILE_ONLY___ ═
2025-03-05 14:26:21,905 INFO     ___FILE_ONLY___ ═
2025-03-05 14:26:21,916 INFO     ___FILE_ONLY___ ═
2025-03-05 14:26:21,928 INFO     ___FILE_ONLY___ ═
2025-03-05 14:26:21,937 INFO     ___FILE_ONLY___ ═
2025-03-05 14:26:21,949 INFO     ___FILE_ONLY___ ═
2025-03-05 14:26:21,959 INFO     ___FILE_ONLY___ ═
2025-03-05 14:26:21,971 INFO     ___FILE_ONLY___ ═
2025-03-05 14:26:21,987 INFO     ___FILE_ONLY___ ═
2025-03-05 14:26:21,998 INFO     ___FILE_ONLY___ ═
2025-03-05 14:26:22,007 INFO     ___FILE_ONLY___ ═
2025-03-05 14:26:22,018 INFO     ___FILE_ONLY___ ═
2025-03-05 14:26:22,029 INFO     ___FILE_ONLY___ ═
2025-03-05 14:26:22,041 INFO     ___FILE_ONLY___ ═
2025-03-05 14:26:22,058 INFO     ___FILE_ONLY___ ═
2025-03-05 14:26:22,070 INFO     ___FILE_ONLY___ ═
2025-03-05 14:26:22,085 INFO     ___FILE_ONLY___ ═
2025-03-05 14:26:22,103 INFO     ___FILE_ONLY___ ═
2025-03-05 14:26:22,139 INFO     ___FILE_ONLY___ ═
2025-03-05 14:26:22,149 INFO     ___FILE_ONLY___ ═
2025-03-05 14:26:22,159 INFO     ___FILE_ONLY___ ═
2025-03-05 14:26:22,169 INFO     ___FILE_ONLY___ ═
2025-03-05 14:26:22,181 INFO     ___FILE_ONLY___ ═
2025-03-05 14:26:22,195 INFO     ___FILE_ONLY___ ═
2025-03-05 14:26:22,195 INFO     ___FILE_ONLY___ ╝

2025-03-05 14:26:22,224 INFO     ___FILE_ONLY___ ╔════════════════════════════════════════════════════════════╗

2025-03-05 14:26:22,225 INFO     ___FILE_ONLY___ ╠═ Installing: Cloud Storage Command Line Tool (Platform... ═╣

2025-03-05 14:26:22,225 INFO     ___FILE_ONLY___ ╚
2025-03-05 14:26:22,225 INFO     ___FILE_ONLY___ ════════════════════════════════════════════════════════════
2025-03-05 14:26:22,225 INFO     ___FILE_ONLY___ ╝

2025-03-05 14:26:22,229 INFO     ___FILE_ONLY___ ╔════════════════════════════════════════════════════════════╗

2025-03-05 14:26:22,229 INFO     ___FILE_ONLY___ ╠═ Installing: Default set of gcloud commands               ═╣

2025-03-05 14:26:22,229 INFO     ___FILE_ONLY___ ╚
2025-03-05 14:26:22,232 INFO     ___FILE_ONLY___ ════════════════════════════════════════════════════════════
2025-03-05 14:26:22,232 INFO     ___FILE_ONLY___ ╝

2025-03-05 14:26:22,233 INFO     ___FILE_ONLY___ ╔════════════════════════════════════════════════════════════╗

2025-03-05 14:26:22,233 INFO     ___FILE_ONLY___ ╠═ Installing: Google Cloud CLI Core Libraries (Platform... ═╣

2025-03-05 14:26:22,233 INFO     ___FILE_ONLY___ ╚
2025-03-05 14:26:22,234 INFO     ___FILE_ONLY___ ══════════════════════════════
2025-03-05 14:26:22,234 INFO     ___FILE_ONLY___ ══════════════════════════════
2025-03-05 14:26:22,235 INFO     ___FILE_ONLY___ ╝

2025-03-05 14:26:22,238 INFO     ___FILE_ONLY___ ╔════════════════════════════════════════════════════════════╗

2025-03-05 14:26:22,238 INFO     ___FILE_ONLY___ ╠═ Installing: Google Cloud CRC32C Hash Tool                ═╣

2025-03-05 14:26:22,238 INFO     ___FILE_ONLY___ ╚
2025-03-05 14:26:22,240 INFO     ___FILE_ONLY___ ════════════════════════════════════════════════════════════
2025-03-05 14:26:22,241 INFO     ___FILE_ONLY___ ╝

2025-03-05 14:26:22,242 INFO     ___FILE_ONLY___ ╔════════════════════════════════════════════════════════════╗

2025-03-05 14:26:22,242 INFO     ___FILE_ONLY___ ╠═ Installing: Google Cloud CRC32C Hash Tool (Platform S... ═╣

2025-03-05 14:26:22,242 INFO     ___FILE_ONLY___ ╚
2025-03-05 14:26:22,278 INFO     ___FILE_ONLY___ ══════════════════════════════
2025-03-05 14:26:22,278 INFO     ___FILE_ONLY___ ══════════════════════════════
2025-03-05 14:26:22,279 INFO     ___FILE_ONLY___ ╝

2025-03-05 14:26:22,283 INFO     ___FILE_ONLY___ ╔════════════════════════════════════════════════════════════╗

2025-03-05 14:26:22,283 INFO     ___FILE_ONLY___ ╠═ Installing: gcloud cli dependencies (Platform Specific)  ═╣

2025-03-05 14:26:22,283 INFO     ___FILE_ONLY___ ╚
2025-03-05 14:26:22,283 INFO     ___FILE_ONLY___ ════════════════════════════════════════════════════════════
2025-03-05 14:26:22,283 INFO     ___FILE_ONLY___ ╝

2025-03-05 14:26:22,287 DEBUG    root            Updating notification cache...
2025-03-05 14:26:22,288 INFO     ___FILE_ONLY___ 

2025-03-05 14:26:22,289 INFO     ___FILE_ONLY___ Performing post processing steps...
2025-03-05 14:26:22,290 DEBUG    root            Executing command: ['/tools/google-cloud-sdk/bin/gcloud', 'components', 'post-process']
2025-03-05 14:26:30,255 DEBUG    ___FILE_ONLY___ 
2025-03-05 14:26:30,255 DEBUG    ___FILE_ONLY___ 
2025-03-05 14:26:30,311 INFO     root            descriptor_list: [{'universeDomain': 'googleapis.com', 'universeShortName': '', 'authenticationDomain': 'auth.cloud.google.com', 'projectPrefix': '', 'cloudWebDomain': 'cloud.google.com', 'documentationDomain': 'cloud.google.com', 'version': '1.0.0', 'state': 'primary', 'artifactRegistryDomain': 'pkg.dev'}]
2025-03-05 14:26:30,312 INFO     ___FILE_ONLY___ 
Update done!


2025-03-05 14:26:30,316 DEBUG    root            Chosen display Format:none
2025-03-05 14:26:30,317 INFO     root            Display format: "none"
