2025-03-05 14:26:30,966 DEBUG    root            Loaded Command Group: ['gcloud', 'components']
2025-03-05 14:26:30,967 DEBUG    root            Loaded Command Group: ['gcloud', 'components', 'update']
2025-03-05 14:26:30,969 DEBUG    root            Running [gcloud.components.update] with arguments: [--quiet: "True", COMPONENT-IDS:8: "['gcloud', 'core', 'bq', 'gsutil', 'compute', 'preview', 'alpha', 'beta']"]
2025-03-05 14:26:30,970 INFO     ___FILE_ONLY___ Beginning update. This process may take several minutes.

2025-03-05 14:26:30,979 DEBUG    urllib3.connectionpool Starting new HTTPS connection (1): dl.google.com:443
2025-03-05 14:26:31,016 DEBUG    urllib3.connectionpool https://dl.google.com:443 "GET /dl/cloudsdk/channels/rapid/components-2.json HTTP/11" 200 226132
2025-03-05 14:26:31,029 WARNING  root            Component [compute] no longer exists.
2025-03-05 14:26:31,030 INFO     ___FILE_ONLY___ 

2025-03-05 14:26:31,030 INFO     ___FILE_ONLY___ 
Your current Google Cloud CLI version is: 513.0.0

2025-03-05 14:26:31,030 INFO     ___FILE_ONLY___ Installing components from version: 513.0.0

2025-03-05 14:26:31,030 INFO     ___FILE_ONLY___ 

2025-03-05 14:26:31,031 DEBUG    root            Chosen display Format:table[box,title="These components will be removed."](details.display_name:label=Name:align=left,version.version_string:label=Version:align=right,data.size.size(zero="",min=1048576):label=Size:align=right)
2025-03-05 14:26:31,031 DEBUG    root            Chosen display Format:table[box,title="These components will be updated."](details.display_name:label=Name:align=left,version.version_string:label=Version:align=right,data.size.size(zero="",min=1048576):label=Size:align=right)
2025-03-05 14:26:31,031 DEBUG    root            Chosen display Format:table[box,title="These components will be installed."](details.display_name:label=Name:align=left,version.version_string:label=Version:align=right,data.size.size(zero="",min=1048576):label=Size:align=right)
2025-03-05 14:26:31,045 INFO     ___FILE_ONLY___ ┌────────────────────────────────────────────────┐
2025-03-05 14:26:31,045 INFO     ___FILE_ONLY___ 

2025-03-05 14:26:31,045 INFO     ___FILE_ONLY___ │      These components will be installed.       │
2025-03-05 14:26:31,045 INFO     ___FILE_ONLY___ 

2025-03-05 14:26:31,045 INFO     ___FILE_ONLY___ ├─────────────────────────┬────────────┬─────────┤
2025-03-05 14:26:31,045 INFO     ___FILE_ONLY___ 

2025-03-05 14:26:31,045 INFO     ___FILE_ONLY___ │           Name          │  Version   │   Size  │
2025-03-05 14:26:31,045 INFO     ___FILE_ONLY___ 

2025-03-05 14:26:31,045 INFO     ___FILE_ONLY___ ├─────────────────────────┼────────────┼─────────┤
2025-03-05 14:26:31,045 INFO     ___FILE_ONLY___ 

2025-03-05 14:26:31,046 INFO     ___FILE_ONLY___ │ 
2025-03-05 14:26:31,046 INFO     ___FILE_ONLY___ gcloud Alpha Commands  
2025-03-05 14:26:31,046 INFO     ___FILE_ONLY___  
2025-03-05 14:26:31,046 INFO     ___FILE_ONLY___ │ 
2025-03-05 14:26:31,046 INFO     ___FILE_ONLY___ 2025.02.28
2025-03-05 14:26:31,046 INFO     ___FILE_ONLY___  
2025-03-05 14:26:31,046 INFO     ___FILE_ONLY___ │ 
2025-03-05 14:26:31,046 INFO     ___FILE_ONLY___ < 1 MiB
2025-03-05 14:26:31,046 INFO     ___FILE_ONLY___  
2025-03-05 14:26:31,046 INFO     ___FILE_ONLY___ │
2025-03-05 14:26:31,046 INFO     ___FILE_ONLY___ 

2025-03-05 14:26:31,046 INFO     ___FILE_ONLY___ │ 
2025-03-05 14:26:31,047 INFO     ___FILE_ONLY___ gcloud Beta Commands   
2025-03-05 14:26:31,047 INFO     ___FILE_ONLY___  
2025-03-05 14:26:31,047 INFO     ___FILE_ONLY___ │ 
2025-03-05 14:26:31,047 INFO     ___FILE_ONLY___ 2025.02.28
2025-03-05 14:26:31,047 INFO     ___FILE_ONLY___  
2025-03-05 14:26:31,047 INFO     ___FILE_ONLY___ │ 
2025-03-05 14:26:31,047 INFO     ___FILE_ONLY___ < 1 MiB
2025-03-05 14:26:31,047 INFO     ___FILE_ONLY___  
2025-03-05 14:26:31,047 INFO     ___FILE_ONLY___ │
2025-03-05 14:26:31,047 INFO     ___FILE_ONLY___ 

2025-03-05 14:26:31,047 INFO     ___FILE_ONLY___ │ 
2025-03-05 14:26:31,047 INFO     ___FILE_ONLY___ gcloud Preview Commands
2025-03-05 14:26:31,047 INFO     ___FILE_ONLY___  
2025-03-05 14:26:31,048 INFO     ___FILE_ONLY___ │ 
2025-03-05 14:26:31,048 INFO     ___FILE_ONLY___           
2025-03-05 14:26:31,048 INFO     ___FILE_ONLY___  
2025-03-05 14:26:31,048 INFO     ___FILE_ONLY___ │ 
2025-03-05 14:26:31,048 INFO     ___FILE_ONLY___ < 1 MiB
2025-03-05 14:26:31,048 INFO     ___FILE_ONLY___  
2025-03-05 14:26:31,048 INFO     ___FILE_ONLY___ │
2025-03-05 14:26:31,048 INFO     ___FILE_ONLY___ 

2025-03-05 14:26:31,048 INFO     ___FILE_ONLY___ └─────────────────────────┴────────────┴─────────┘
2025-03-05 14:26:31,048 INFO     ___FILE_ONLY___ 

2025-03-05 14:26:31,048 INFO     ___FILE_ONLY___ 

2025-03-05 14:26:31,052 DEBUG    urllib3.connectionpool Starting new HTTPS connection (1): dl.google.com:443
2025-03-05 14:26:31,087 DEBUG    urllib3.connectionpool https://dl.google.com:443 "GET /dl/cloudsdk/channels/rapid/RELEASE_NOTES HTTP/11" 200 1374936
2025-03-05 14:26:31,616 INFO     ___FILE_ONLY___ For the latest full release notes, please visit:
  https://cloud.google.com/sdk/release_notes


2025-03-05 14:26:31,616 INFO     ___FILE_ONLY___ Performing in place update...


2025-03-05 14:26:31,618 INFO     ___FILE_ONLY___ ╔════════════════════════════════════════════════════════════╗

2025-03-05 14:26:31,618 INFO     ___FILE_ONLY___ ╠═ Downloading: gcloud Alpha Commands                       ═╣

2025-03-05 14:26:31,618 INFO     ___FILE_ONLY___ ╚
2025-03-05 14:26:31,621 DEBUG    urllib3.connectionpool Starting new HTTPS connection (1): dl.google.com:443
2025-03-05 14:26:31,704 DEBUG    urllib3.connectionpool https://dl.google.com:443 "GET /dl/cloudsdk/channels/rapid/components/google-cloud-sdk-alpha-20250228155416.tar.gz HTTP/11" 200 800
2025-03-05 14:26:31,704 INFO     ___FILE_ONLY___ ════════════════════════════════════════════════════════════
2025-03-05 14:26:31,704 INFO     ___FILE_ONLY___ ╝

2025-03-05 14:26:31,706 INFO     ___FILE_ONLY___ ╔════════════════════════════════════════════════════════════╗

2025-03-05 14:26:31,707 INFO     ___FILE_ONLY___ ╠═ Downloading: gcloud Beta Commands                        ═╣

2025-03-05 14:26:31,707 INFO     ___FILE_ONLY___ ╚
2025-03-05 14:26:31,710 DEBUG    urllib3.connectionpool Starting new HTTPS connection (1): dl.google.com:443
2025-03-05 14:26:31,890 DEBUG    urllib3.connectionpool https://dl.google.com:443 "GET /dl/cloudsdk/channels/rapid/components/google-cloud-sdk-beta-20250228155416.tar.gz HTTP/11" 200 797
2025-03-05 14:26:31,890 INFO     ___FILE_ONLY___ ════════════════════════════════════════════════════════════
2025-03-05 14:26:31,890 INFO     ___FILE_ONLY___ ╝

2025-03-05 14:26:31,892 INFO     ___FILE_ONLY___ ╔════════════════════════════════════════════════════════════╗

2025-03-05 14:26:31,892 INFO     ___FILE_ONLY___ ╠═ Downloading: gcloud Preview Commands                     ═╣

2025-03-05 14:26:31,893 INFO     ___FILE_ONLY___ ╚
2025-03-05 14:26:31,896 DEBUG    urllib3.connectionpool Starting new HTTPS connection (1): dl.google.com:443
2025-03-05 14:26:32,113 DEBUG    urllib3.connectionpool https://dl.google.com:443 "GET /dl/cloudsdk/channels/rapid/components/google-cloud-sdk-preview-20241115154308.tar.gz HTTP/11" 200 823
2025-03-05 14:26:32,113 INFO     ___FILE_ONLY___ ════════════════════════════════════════════════════════════
2025-03-05 14:26:32,113 INFO     ___FILE_ONLY___ ╝

2025-03-05 14:26:32,115 INFO     ___FILE_ONLY___ ╔════════════════════════════════════════════════════════════╗

2025-03-05 14:26:32,115 INFO     ___FILE_ONLY___ ╠═ Installing: gcloud Alpha Commands                        ═╣

2025-03-05 14:26:32,116 INFO     ___FILE_ONLY___ ╚
2025-03-05 14:26:32,116 INFO     ___FILE_ONLY___ ════════════════════════════════════════════════════════════
2025-03-05 14:26:32,116 INFO     ___FILE_ONLY___ ╝

2025-03-05 14:26:32,121 INFO     ___FILE_ONLY___ ╔════════════════════════════════════════════════════════════╗

2025-03-05 14:26:32,121 INFO     ___FILE_ONLY___ ╠═ Installing: gcloud Beta Commands                         ═╣

2025-03-05 14:26:32,121 INFO     ___FILE_ONLY___ ╚
2025-03-05 14:26:32,122 INFO     ___FILE_ONLY___ ════════════════════════════════════════════════════════════
2025-03-05 14:26:32,122 INFO     ___FILE_ONLY___ ╝

2025-03-05 14:26:32,127 INFO     ___FILE_ONLY___ ╔════════════════════════════════════════════════════════════╗

2025-03-05 14:26:32,127 INFO     ___FILE_ONLY___ ╠═ Installing: gcloud Preview Commands                      ═╣

2025-03-05 14:26:32,127 INFO     ___FILE_ONLY___ ╚
2025-03-05 14:26:32,128 INFO     ___FILE_ONLY___ ════════════════════════════════════════════════════════════
2025-03-05 14:26:32,128 INFO     ___FILE_ONLY___ ╝

2025-03-05 14:26:32,132 DEBUG    root            Updating notification cache...
2025-03-05 14:26:32,133 INFO     ___FILE_ONLY___ 

2025-03-05 14:26:32,134 INFO     ___FILE_ONLY___ Performing post processing steps...
2025-03-05 14:26:32,135 DEBUG    root            Executing command: ['/tools/google-cloud-sdk/bin/gcloud', 'components', 'post-process']
2025-03-05 14:26:40,180 DEBUG    ___FILE_ONLY___ 
2025-03-05 14:26:40,180 DEBUG    ___FILE_ONLY___ 
2025-03-05 14:26:40,435 INFO     root            descriptor_list: [{'universeDomain': 'googleapis.com', 'universeShortName': '', 'authenticationDomain': 'auth.cloud.google.com', 'projectPrefix': '', 'cloudWebDomain': 'cloud.google.com', 'documentationDomain': 'cloud.google.com', 'version': '1.0.0', 'state': 'primary', 'artifactRegistryDomain': 'pkg.dev'}]
2025-03-05 14:26:40,435 INFO     ___FILE_ONLY___ 
Update done!


2025-03-05 14:26:40,438 DEBUG    root            Chosen display Format:none
2025-03-05 14:26:40,438 INFO     root            Display format: "none"
